build/app/outputs/mapping/release/usage.txt
com.example.schedule_task.BuildConfig
com.example.schedule_task.R$attr
com.example.schedule_task.R
com.example.schedule_task.R$id
com.example.schedule_task.R$dimen
com.example.schedule_task.R$mipmap
com.example.schedule_task.R$color
com.example.schedule_task.R$drawable
com.example.schedule_task.R$styleable
com.example.schedule_task.R$layout
com.example.schedule_task.R$integer
com.example.schedule_task.R$string
com.example.schedule_task.R$style
...
androidx.core.view.GravityCompat
androidx.annotation.IntegerRes
kotlin.ranges.LongProgression$Companion
kotlin.reflect.KMutableProperty$Setter
kotlin.sequences.SequencesKt___SequencesKt$zip$1
androidx.annotation.InspectableProperty$ValueType
kotlin.coroutines.intrinsics.IntrinsicsKt__IntrinsicsJvmKt$createCoroutineUnintercepted$$inlined$createCoroutineFromSuspendFunction$IntrinsicsKt__IntrinsicsJvmKt$3
androidx.arch.core.executor.DefaultTaskExecutor
androidx.core.R
kotlin.jvm.functions.Function1
kotlin.reflect.KClass$DefaultImpls
androidx.core.view.accessibility.AccessibilityNodeInfoCompat$CollectionItemInfoCompat
kotlin.coroutines.experimental.CoroutineContext$Element$DefaultImpls
kotlin.random.Random$Companion
kotlin.jvm.internal.FloatCompanionObject
kotlin.properties.ReadOnlyProperty
androidx.core.view.ViewPropertyAnimatorListenerAdapter
io.flutter.plugin.common.StandardMessageCodec:
    private static final java.lang.String TAG
    private static final byte NULL
    private static final byte TRUE
    private static final byte FALSE
    private static final byte INT
    private static final byte LONG
    private static final byte BIGINT
    private static final byte DOUBLE
    private static final byte STRING
    private static final byte BYTE_ARRAY
    private static final byte INT_ARRAY
    private static final byte LONG_ARRAY
    private static final byte DOUBLE_ARRAY
    private static final byte LIST
    private static final byte MAP
kotlin.jvm.internal.ClassBasedDeclarationContainer
kotlin.experimental.ExperimentalTypeInference
kotlin.ranges.ComparableRange
kotlin.collections.UShortIterator
androidx.core.app.NotificationManagerCompat$NotifyTask
androidx.fragment.app.FragmentManagerImpl
androidx.core.content.pm.ShortcutInfoCompat
kotlin.jvm.internal.Ref$BooleanRef
io.flutter.embedding.android.FlutterSplashView:
    public void <init>(android.content.Context,android.util.AttributeSet)
androidx.core.view.accessibility.AccessibilityNodeProviderCompat$AccessibilityNodeProviderApi16
kotlin.sequences.SequencesKt__SequencesKt$flatten$1
androidx.core.view.NestedScrollingParent
io.flutter.plugin.common.EventChannel$1
androidx.core.app.NotificationCompat$Extender
androidx.fragment.app.ListFragment
kotlin.collections.CollectionsKt___CollectionsKt$asSequence$$inlined$Sequence$1
androidx.core.graphics.TypefaceCompatApi24Impl
kotlin.io.FileAlreadyExistsException
androidx.core.provider.FontsContractCompat$4$1
androidx.lifecycle.Observer:
    public abstract void onChanged(java.lang.Object)
kotlin.io.NoSuchFileException
kotlin.sequences.SequencesKt___SequencesKt$sorted$1
androidx.viewpager.R$dimen
io.flutter.app.FlutterApplication
androidx.core.view.LayoutInflaterCompat$Factory2Wrapper
kotlin.collections.unsigned.UArraysKt___UArraysKt
kotlin.sequences.DropWhileSequence
org.intellij.lang.annotations.JdkConstants$TitledBorderJustification
androidx.core.app.NotificationCompat$CarExtender$UnreadConversation$Builder
androidx.loader.content.ModernAsyncTask
kotlin.coroutines.intrinsics.IntrinsicsKt__IntrinsicsJvmKt$createCoroutineFromSuspendFunction$2
androidx.core.view.accessibility.AccessibilityManagerCompat$AccessibilityStateChangeListener
kotlin.jvm.JvmOverloads
kotlin.ranges.UIntRange
kotlin.reflect.KCallable$DefaultImpls